2026-06-09 10:00:01 INFO Starting application...
2026-06-09 10:00:02 INFO Loading configuration...
2026-06-09 10:00:03 INFO Initializing database connections...
2026-06-09 10:00:04 INFO Checking external services...
2026-06-09 10:00:05 INFO All systems go.
2026-06-09 10:00:06 DEBUG Handling request GET /api/users
2026-06-09 10:00:07 DEBUG Querying database for users
2026-06-09 10:00:08 DEBUG Retrieved 100 users
2026-06-09 10:00:09 INFO Request successful
2026-06-09 10:00:10 DEBUG Handling request POST /api/payment
2026-06-09 10:00:11 ERROR Failed to process payment: DatabaseConnectionError
2026-06-09 10:00:12 Traceback (most recent call last):
2026-06-09 10:00:13   File "app.py", line 42, in process_payment
2026-06-09 10:00:14     db.connect()
2026-06-09 10:00:15 DatabaseConnectionError: connection refused
2026-06-09 10:00:16 INFO Attempting to retry...
2026-06-09 10:00:17 INFO Retry 1 failed
2026-06-09 10:00:18 INFO Retry 2 failed
2026-06-09 10:00:19 INFO Cancelling request
2026-06-09 10:00:20 INFO Cleaning up resources
2026-06-09 10:05:00 DEBUG Handling request GET /api/data
2026-06-09 10:05:01 DEBUG Validating token
2026-06-09 10:05:02 DEBUG Token valid
2026-06-09 10:05:03 DEBUG Fetching massive dataset
2026-06-09 10:05:04 DEBUG Still fetching...
2026-06-09 10:05:05 DEBUG Allocating memory...
2026-06-09 10:05:06 CRITICAL System crashed: OutOfMemoryError
2026-06-09 10:05:07 Traceback (most recent call last):
2026-06-09 10:05:08   File "data.py", line 105, in fetch_massive_dataset
2026-06-09 10:05:09     buffer = allocate(10**10)
2026-06-09 10:05:10 OutOfMemoryError: heap space exhausted
2026-06-09 10:05:11 INFO Shutting down application gracefully
2026-06-09 10:05:12 INFO Saving state...
2026-06-09 10:05:13 INFO State saved.
2026-06-09 10:05:14 INFO Exiting...
